TN:
SF:src/index.ts
FN:8,MrError
FN:12,Object.<anonymous>.MrError.messages
FN:22,Object.<anonymous>.MrError.add
FN:33,Object.<anonymous>.MrError.merge
FN:43,Object.<anonymous>.MrError.buildLocalePathsBy
FN:49,Object.<anonymous>.MrError.localizeLine
FNF:6
FNH:6
FNDA:5,MrError
FNDA:1,Object.<anonymous>.MrError.messages
FNDA:10,Object.<anonymous>.MrError.add
FNDA:1,Object.<anonymous>.MrError.merge
FNDA:2,Object.<anonymous>.MrError.buildLocalePathsBy
FNDA:2,Object.<anonymous>.MrError.localizeLine
DA:1,1
DA:2,1
DA:3,1
DA:4,1
DA:5,1
DA:6,1
DA:7,1
DA:8,1
DA:9,5
DA:10,5
DA:11,1
DA:12,1
DA:13,1
DA:14,1
DA:15,1
DA:16,2
DA:17,1
DA:18,1
DA:19,1
DA:20,1
DA:21,1
DA:22,1
DA:23,10
DA:24,8
DA:25,8
DA:26,10
DA:27,1
DA:28,1
DA:29,9
DA:30,9
DA:31,9
DA:32,1
DA:33,1
DA:34,1
DA:35,1
DA:36,1
DA:37,1
DA:38,1
DA:39,1
DA:40,1
DA:41,1
DA:42,1
DA:43,1
DA:44,2
DA:45,2
DA:46,2
DA:47,2
DA:48,1
DA:49,1
DA:50,2
DA:51,0
DA:52,0
DA:53,2
DA:54,2
DA:55,2
DA:56,1
LF:56
LH:54
BRDA:1,0,0,1
BRDA:8,1,0,5
BRDA:8,2,0,0
BRDA:12,3,0,1
BRDA:15,4,0,2
BRDA:22,5,0,10
BRDA:23,6,0,8
BRDA:26,7,0,1
BRDA:29,8,0,9
BRDA:33,9,0,1
BRDA:36,10,0,1
BRDA:37,11,0,1
BRDA:43,12,0,2
BRDA:44,13,0,2
BRDA:49,14,0,2
BRDA:50,15,0,0
BRF:16
BRH:14
end_of_record
